<?xml version="1.0" encoding="UTF-8"?>
<!-- Generated by org.testng.reporters.JUnitReportReporter -->
<testsuite hostname="GSK-QA-062" failures="0" tests="1" name="PlaceHolder.Placeholder" time="479.493" errors="0" timestamp="2022-01-19T19:11:19 IST" skipped="0">
  <testcase classname="PlaceHolder.Placeholder" name="Placeholder1" time="479.493"/>
  <system-out/>
</testsuite> <!-- PlaceHolder.Placeholder -->
